Using pre-set license
Built from '2020.3/staging' branch; Version is '2020.3.10f1 (297d780c91bc) revision 2719096'; Using compiler version '192528614'; Build Type 'Release'
OS: 'Windows 10 Home; OS build 19042.1083; Version 2009; 64bit' Language: 'ko' Physical Memory: 24250 MB
BatchMode: 1, IsHumanControllingUs: 0, StartBugReporterOnCrash: 0, Is64bit: 1, IsPro: 0

 COMMAND LINE ARGUMENTS:
C:\Program Files\Unity\Hub\Editor\2020.3.10f1\Editor\Unity.exe
-adb2
-batchMode
-noUpm
-name
AssetImportWorker0
-projectPath
C:/Users/xoqls/OneDrive/바탕 화면/Started_github/start_ED
-logFile
Logs/AssetImportWorker0.log
-srvPort
60776
Successfully changed project path to: C:/Users/xoqls/OneDrive/바탕 화면/Started_github/start_ED
C:/Users/xoqls/OneDrive/바탕 화면/Started_github/start_ED
Using Asset Import Pipeline V2.
Refreshing native plugins compatible for Editor in 32.53 ms, found 2 plugins.
Preloading 0 native plugins for Editor in 0.00 ms.
Initialize engine version: 2020.3.10f1 (297d780c91bc)
[Subsystems] Discovering subsystems at path C:/Program Files/Unity/Hub/Editor/2020.3.10f1/Editor/Data/Resources/UnitySubsystems
[Subsystems] Discovering subsystems at path C:/Users/xoqls/OneDrive/바탕 화면/Started_github/start_ED/Assets
GfxDevice: creating device client; threaded=0
Direct3D:
    Version:  Direct3D 11.0 [level 11.1]
    Renderer: Intel(R) Iris(R) Xe Graphics (ID=0x9a49)
    Vendor:   
    VRAM:     12125 MB
    Driver:   27.20.100.9415
Initialize mono
Mono path[0] = 'C:/Program Files/Unity/Hub/Editor/2020.3.10f1/Editor/Data/Managed'
Mono path[1] = 'C:/Program Files/Unity/Hub/Editor/2020.3.10f1/Editor/Data/MonoBleedingEdge/lib/mono/unityjit'
Mono config path = 'C:/Program Files/Unity/Hub/Editor/2020.3.10f1/Editor/Data/MonoBleedingEdge/etc'
Using monoOptions --debugger-agent=transport=dt_socket,embedding=1,server=y,suspend=n,address=127.0.0.1:56848
Begin MonoManager ReloadAssembly
Registering precompiled unity dll's ...
Register platform support module: C:/Program Files/Unity/Hub/Editor/2020.3.10f1/Editor/Data/PlaybackEngines/WindowsStandaloneSupport/UnityEditor.WindowsStandalone.Extensions.dll
Registered in 0.001826 seconds.
Native extension for WindowsStandalone target not found
Refreshing native plugins compatible for Editor in 24.76 ms, found 2 plugins.
Preloading 0 native plugins for Editor in 0.00 ms.
Mono: successfully reloaded assembly
- Completed reload, in  0.947 seconds
Platform modules already initialized, skipping
Registering precompiled user dll's ...
Registered in 0.003403 seconds.
Begin MonoManager ReloadAssembly
Native extension for WindowsStandalone target not found
Refreshing native plugins compatible for Editor in 0.50 ms, found 2 plugins.
Preloading 0 native plugins for Editor in 0.00 ms.
Mono: successfully reloaded assembly
- Completed reload, in  1.140 seconds
Platform modules already initialized, skipping
========================================================================
Worker process is ready to serve import requests
Launched and connected shader compiler UnityShaderCompiler.exe after 0.05 seconds
Refreshing native plugins compatible for Editor in 0.47 ms, found 2 plugins.
Preloading 0 native plugins for Editor in 0.00 ms.
Unloading 1451 Unused Serialized files (Serialized files now loaded: 0)
System memory in use before: 68.1 MB.
System memory in use after: 68.2 MB.

Unloading 18 unused Assets to reduce memory usage. Loaded Objects now: 1883.
Total: 2.579100 ms (FindLiveObjects: 0.209000 ms CreateObjectMapping: 0.053300 ms MarkObjects: 2.215800 ms  DeleteObjects: 0.098900 ms)

========================================================================
Received Import Request.
  path: Assets/Text (TMP).prefab
  artifactKey: Guid(ef9cdb43f6b260646b7fcee57ea02fc9) Importer(815301076,1909f56bfc062723c751e8b465ee728b)
Start importing Assets/Text (TMP).prefab using Guid(ef9cdb43f6b260646b7fcee57ea02fc9) Importer(815301076,1909f56bfc062723c751e8b465ee728b)  -> (artifact id: 'd4fc6943ac57c66a704f97622b3443c9') in 0.117519 seconds
  Import took 0.120567 seconds .

========================================================================
Received Import Request.
  Time since last request: 5.214707 seconds.
  path: Assets/Text (TMP).prefab
  artifactKey: Guid(ef9cdb43f6b260646b7fcee57ea02fc9) Importer(815301076,1909f56bfc062723c751e8b465ee728b)
Start importing Assets/Text (TMP).prefab using Guid(ef9cdb43f6b260646b7fcee57ea02fc9) Importer(815301076,1909f56bfc062723c751e8b465ee728b)  -> (artifact id: 'd4fc6943ac57c66a704f97622b3443c9') in 0.081091 seconds
  Import took 0.084091 seconds .

========================================================================
Received Prepare
Registering precompiled user dll's ...
Registered in 0.004963 seconds.
Begin MonoManager ReloadAssembly
Native extension for WindowsStandalone target not found
Refreshing native plugins compatible for Editor in 0.54 ms, found 2 plugins.
Preloading 0 native plugins for Editor in 0.00 ms.
Mono: successfully reloaded assembly
- Completed reload, in  1.056 seconds
Platform modules already initialized, skipping
Refreshing native plugins compatible for Editor in 0.30 ms, found 2 plugins.
Preloading 0 native plugins for Editor in 0.00 ms.
Unloading 1503 Unused Serialized files (Serialized files now loaded: 0)
System memory in use before: 68.9 MB.
System memory in use after: 69.0 MB.

Unloading 13 unused Assets to reduce memory usage. Loaded Objects now: 1961.
Total: 1.662800 ms (FindLiveObjects: 0.113700 ms CreateObjectMapping: 0.032900 ms MarkObjects: 1.496300 ms  DeleteObjects: 0.018800 ms)

========================================================================
Received Import Request.
  Time since last request: 1865.952302 seconds.
  path: Assets/2
  artifactKey: Guid(fbbd98c004260924bba71cd50540f8a2) Importer(815301076,1909f56bfc062723c751e8b465ee728b)
Start importing Assets/2 using Guid(fbbd98c004260924bba71cd50540f8a2) Importer(815301076,1909f56bfc062723c751e8b465ee728b)  -> (artifact id: 'a32a270804aeacf633637aad936390ca') in 0.006737 seconds
  Import took 0.009357 seconds .

========================================================================
Received Import Request.
  Time since last request: 0.399659 seconds.
  path: Assets/2/직원다리1.psd
  artifactKey: Guid(a8e89bee4737f694fbc42ae8acb0e3af) Importer(815301076,1909f56bfc062723c751e8b465ee728b)
Start importing Assets/2/직원다리1.psd using Guid(a8e89bee4737f694fbc42ae8acb0e3af) Importer(815301076,1909f56bfc062723c751e8b465ee728b)  -> (artifact id: '395d8aee86bad76434c321b87154a84f') in 0.067298 seconds
  Import took 0.069542 seconds .

========================================================================
Received Import Request.
  Time since last request: 0.000394 seconds.
  path: Assets/2/직원몸통.psd
  artifactKey: Guid(6f90a5045381d854cb4bbf5f1dba55c9) Importer(815301076,1909f56bfc062723c751e8b465ee728b)
Start importing Assets/2/직원몸통.psd using Guid(6f90a5045381d854cb4bbf5f1dba55c9) Importer(815301076,1909f56bfc062723c751e8b465ee728b)  -> (artifact id: '8692fd2f5d9a56636c51143d9b2b91c4') in 0.011461 seconds
  Import took 0.013592 seconds .

========================================================================
Received Import Request.
  Time since last request: 0.000172 seconds.
  path: Assets/2/직원머리.psd
  artifactKey: Guid(0187920a10e216e46adb47a07a898054) Importer(815301076,1909f56bfc062723c751e8b465ee728b)
Start importing Assets/2/직원머리.psd using Guid(0187920a10e216e46adb47a07a898054) Importer(815301076,1909f56bfc062723c751e8b465ee728b)  -> (artifact id: '88e81f7159fc62e0b6ba32c4417a279a') in 0.010619 seconds
  Import took 0.013408 seconds .

========================================================================
Received Import Request.
  Time since last request: 0.000189 seconds.
  path: Assets/2/직원팔1.psd
  artifactKey: Guid(852fabda965c9f1479e4a2d1e744dabd) Importer(815301076,1909f56bfc062723c751e8b465ee728b)
Start importing Assets/2/직원팔1.psd using Guid(852fabda965c9f1479e4a2d1e744dabd) Importer(815301076,1909f56bfc062723c751e8b465ee728b)  -> (artifact id: 'da7bffccc30c53ee2ac21b168d1ef686') in 0.010686 seconds
  Import took 0.013094 seconds .

========================================================================
Received Import Request.
  Time since last request: 0.000240 seconds.
  path: Assets/2/직원다리2.psd
  artifactKey: Guid(e37b1c10a44a37c48a49c8cf10954cb1) Importer(815301076,1909f56bfc062723c751e8b465ee728b)
Start importing Assets/2/직원다리2.psd using Guid(e37b1c10a44a37c48a49c8cf10954cb1) Importer(815301076,1909f56bfc062723c751e8b465ee728b)  -> (artifact id: 'bf04c768ad87f08c5a563f271e0a7ab9') in 0.009555 seconds
  Import took 0.012315 seconds .

========================================================================
Received Import Request.
  Time since last request: 220.749476 seconds.
  path: Assets/2/직원다리1 1.psd
  artifactKey: Guid(d64ec9ad0667573428b0566ad7c44b7b) Importer(815301076,1909f56bfc062723c751e8b465ee728b)
Start importing Assets/2/직원다리1 1.psd using Guid(d64ec9ad0667573428b0566ad7c44b7b) Importer(815301076,1909f56bfc062723c751e8b465ee728b)  -> (artifact id: '1321ee646a7ce1347ca163813610cfc5') in 0.014679 seconds
  Import took 0.017234 seconds .

========================================================================
Received Import Request.
  Time since last request: 0.000217 seconds.
  path: Assets/2/직원몸통 1.psd
  artifactKey: Guid(2ff830bd9de7c3f4cbe574d646b28286) Importer(815301076,1909f56bfc062723c751e8b465ee728b)
Start importing Assets/2/직원몸통 1.psd using Guid(2ff830bd9de7c3f4cbe574d646b28286) Importer(815301076,1909f56bfc062723c751e8b465ee728b)  -> (artifact id: 'e14ec6d28f99e83753a96d7265ccf32a') in 0.011485 seconds
  Import took 0.014327 seconds .

========================================================================
Received Import Request.
  Time since last request: 0.000189 seconds.
  path: Assets/2/직원팔1 1.psd
  artifactKey: Guid(7e1b64b418415c3439808fe925e1c9ed) Importer(815301076,1909f56bfc062723c751e8b465ee728b)
Start importing Assets/2/직원팔1 1.psd using Guid(7e1b64b418415c3439808fe925e1c9ed) Importer(815301076,1909f56bfc062723c751e8b465ee728b)  -> (artifact id: 'bce89ff1d2b1ee40d13c266cb6453ab1') in 0.010501 seconds
  Import took 0.013021 seconds .

========================================================================
Received Import Request.
  Time since last request: 0.000172 seconds.
  path: Assets/2/직원머리1.psd
  artifactKey: Guid(596deea0f2d6773418c5ef69be8516c6) Importer(815301076,1909f56bfc062723c751e8b465ee728b)
Start importing Assets/2/직원머리1.psd using Guid(596deea0f2d6773418c5ef69be8516c6) Importer(815301076,1909f56bfc062723c751e8b465ee728b)  -> (artifact id: '3818ac0fd2c2b1257881ab913bb091d8') in 0.011990 seconds
  Import took 0.015192 seconds .

========================================================================
Received Import Request.
  Time since last request: 0.000219 seconds.
  path: Assets/2/직원다리2 1.psd
  artifactKey: Guid(bd6bb7ac15950714eab2e53dc94439a8) Importer(815301076,1909f56bfc062723c751e8b465ee728b)
Start importing Assets/2/직원다리2 1.psd using Guid(bd6bb7ac15950714eab2e53dc94439a8) Importer(815301076,1909f56bfc062723c751e8b465ee728b)  -> (artifact id: '43802aba248c20d647d4484a12d1c484') in 0.009940 seconds
  Import took 0.012981 seconds .

========================================================================
Received Import Request.
  Time since last request: 102.154544 seconds.
  path: Assets/1
  artifactKey: Guid(5f464a8e22f520d40bf46a499023c21a) Importer(815301076,1909f56bfc062723c751e8b465ee728b)
Start importing Assets/1 using Guid(5f464a8e22f520d40bf46a499023c21a) Importer(815301076,1909f56bfc062723c751e8b465ee728b)  -> (artifact id: '5282feace4b227e8018191edad495be7') in 0.007755 seconds
  Import took 0.012047 seconds .

========================================================================
Received Import Request.
  Time since last request: 0.031781 seconds.
  path: Assets/1/직원다리1.psd
  artifactKey: Guid(d8047052b930c6948b81df07a262f5ba) Importer(815301076,1909f56bfc062723c751e8b465ee728b)
Start importing Assets/1/직원다리1.psd using Guid(d8047052b930c6948b81df07a262f5ba) Importer(815301076,1909f56bfc062723c751e8b465ee728b)  -> (artifact id: '43f42fa45740d845a77fb63cb41b8531') in 0.010731 seconds
  Import took 0.014960 seconds .

========================================================================
Received Import Request.
  Time since last request: 0.000215 seconds.
  path: Assets/1/직원머리1.psd
  artifactKey: Guid(fce00d7c427b9eb469d732e779aa243f) Importer(815301076,1909f56bfc062723c751e8b465ee728b)
Start importing Assets/1/직원머리1.psd using Guid(fce00d7c427b9eb469d732e779aa243f) Importer(815301076,1909f56bfc062723c751e8b465ee728b)  -> (artifact id: 'd2b079ac427771aefaaac42bbf27806e') in 0.017928 seconds
  Import took 0.022379 seconds .

========================================================================
Received Import Request.
  Time since last request: 0.000245 seconds.
  path: Assets/1/직원팔1.psd
  artifactKey: Guid(110c893799e25cc4fb8d19861b192fc0) Importer(815301076,1909f56bfc062723c751e8b465ee728b)
Start importing Assets/1/직원팔1.psd using Guid(110c893799e25cc4fb8d19861b192fc0) Importer(815301076,1909f56bfc062723c751e8b465ee728b)  -> (artifact id: 'fe581e18b185f3be89208d97ce6ed12e') in 0.016971 seconds
  Import took 0.022330 seconds .

========================================================================
Received Import Request.
  Time since last request: 0.000211 seconds.
  path: Assets/1/직원몸통.psd
  artifactKey: Guid(95c265b2177ced44d8788eb4cff2a0fb) Importer(815301076,1909f56bfc062723c751e8b465ee728b)
Start importing Assets/1/직원몸통.psd using Guid(95c265b2177ced44d8788eb4cff2a0fb) Importer(815301076,1909f56bfc062723c751e8b465ee728b)  -> (artifact id: '4761e1ec2c7e04eef9879587ad283cd2') in 0.018946 seconds
  Import took 0.022941 seconds .

========================================================================
Received Import Request.
  Time since last request: 0.000273 seconds.
  path: Assets/1/직원다리2.psd
  artifactKey: Guid(71bfcfcb4d6c8e34789a5c79a6c93031) Importer(815301076,1909f56bfc062723c751e8b465ee728b)
Start importing Assets/1/직원다리2.psd using Guid(71bfcfcb4d6c8e34789a5c79a6c93031) Importer(815301076,1909f56bfc062723c751e8b465ee728b)  -> (artifact id: '9868cf6e31d45fdd81768fac4bf9b5f0') in 0.014367 seconds
  Import took 0.018279 seconds .

========================================================================
Received Import Request.
  Time since last request: 11.245042 seconds.
  path: Assets/1/New Prefab.prefab
  artifactKey: Guid(8e0ab92524c125840a2eeb39194a284d) Importer(815301076,1909f56bfc062723c751e8b465ee728b)
Start importing Assets/1/New Prefab.prefab using Guid(8e0ab92524c125840a2eeb39194a284d) Importer(815301076,1909f56bfc062723c751e8b465ee728b)  -> (artifact id: '9cf24f6ae1f971c370f246eed41f6647') in 0.008340 seconds
  Import took 0.011243 seconds .

========================================================================
Received Prepare
Registering precompiled user dll's ...
Registered in 0.005732 seconds.
Begin MonoManager ReloadAssembly
Native extension for WindowsStandalone target not found
Refreshing native plugins compatible for Editor in 0.36 ms, found 2 plugins.
Preloading 0 native plugins for Editor in 0.00 ms.
Mono: successfully reloaded assembly
- Completed reload, in  0.788 seconds
Platform modules already initialized, skipping
Refreshing native plugins compatible for Editor in 0.66 ms, found 2 plugins.
Preloading 0 native plugins for Editor in 0.00 ms.
Unloading 1503 Unused Serialized files (Serialized files now loaded: 0)
System memory in use before: 72.0 MB.
System memory in use after: 72.1 MB.

Unloading 13 unused Assets to reduce memory usage. Loaded Objects now: 1970.
Total: 1.724100 ms (FindLiveObjects: 0.121900 ms CreateObjectMapping: 0.027300 ms MarkObjects: 1.553200 ms  DeleteObjects: 0.020000 ms)

========================================================================
Received Import Request.
  Time since last request: 1070.722945 seconds.
  path: Assets/Resources/down버튼.png
  artifactKey: Guid(3556b0bd81de58744a749dfbb3878309) Importer(815301076,1909f56bfc062723c751e8b465ee728b)
Start importing Assets/Resources/down버튼.png using Guid(3556b0bd81de58744a749dfbb3878309) Importer(815301076,1909f56bfc062723c751e8b465ee728b)  -> (artifact id: 'f80197e5414422884a4af96d1d81da93') in 0.151917 seconds
  Import took 0.157867 seconds .

========================================================================
Received Import Request.
  Time since last request: 0.000228 seconds.
  path: Assets/Resources/icons8-트로피-48.png
  artifactKey: Guid(3f9d0132e1f706847b40d4012deedf2e) Importer(815301076,1909f56bfc062723c751e8b465ee728b)
Start importing Assets/Resources/icons8-트로피-48.png using Guid(3f9d0132e1f706847b40d4012deedf2e) Importer(815301076,1909f56bfc062723c751e8b465ee728b)  -> (artifact id: '994b61fa3688e094cd904b2706c557bc') in 0.020084 seconds
  Import took 0.025769 seconds .

========================================================================
Received Import Request.
  Time since last request: 0.000445 seconds.
  path: Assets/Resources/Item1.png
  artifactKey: Guid(fa381a064da6cd748aa1f3bc6fbd5b1f) Importer(815301076,1909f56bfc062723c751e8b465ee728b)
Start importing Assets/Resources/Item1.png using Guid(fa381a064da6cd748aa1f3bc6fbd5b1f) Importer(815301076,1909f56bfc062723c751e8b465ee728b)  -> (artifact id: '2d2d24ba5b1d78a6c51f9e3b63152a42') in 0.019418 seconds
  Import took 0.023898 seconds .

========================================================================
Received Import Request.
  Time since last request: 0.000231 seconds.
  path: Assets/Resources/icons8-상-48.png
  artifactKey: Guid(ced24affaa9895f4f88b112a333c7b9e) Importer(815301076,1909f56bfc062723c751e8b465ee728b)
Start importing Assets/Resources/icons8-상-48.png using Guid(ced24affaa9895f4f88b112a333c7b9e) Importer(815301076,1909f56bfc062723c751e8b465ee728b)  -> (artifact id: '61ae2574c6e0abb72e78cdf3bd67a36e') in 0.012336 seconds
  Import took 0.014733 seconds .

========================================================================
Received Import Request.
  Time since last request: 0.000209 seconds.
  path: Assets/Resources/icons8-secured-letter-16.png
  artifactKey: Guid(524cffa06f553b04398e67f4beeb5f2e) Importer(815301076,1909f56bfc062723c751e8b465ee728b)
Start importing Assets/Resources/icons8-secured-letter-16.png using Guid(524cffa06f553b04398e67f4beeb5f2e) Importer(815301076,1909f56bfc062723c751e8b465ee728b)  -> (artifact id: '72aa58040ad2d01b7e513e3e961f6ea3') in 0.011437 seconds
  Import took 0.014405 seconds .

========================================================================
Received Import Request.
  Time since last request: 0.000205 seconds.
  path: Assets/Resources/icons8-설정-24.png
  artifactKey: Guid(649afbafb26b55f44b1cc575a653020a) Importer(815301076,1909f56bfc062723c751e8b465ee728b)
Start importing Assets/Resources/icons8-설정-24.png using Guid(649afbafb26b55f44b1cc575a653020a) Importer(815301076,1909f56bfc062723c751e8b465ee728b)  -> (artifact id: 'bab26efa42fabd2ef12d32632651cfe2') in 0.011725 seconds
  Import took 0.014614 seconds .

========================================================================
Received Import Request.
  Time since last request: 0.000202 seconds.
  path: Assets/Resources/hamburger_icon_143010.png
  artifactKey: Guid(c475c785f49d9d042815fea4109ca272) Importer(815301076,1909f56bfc062723c751e8b465ee728b)
Start importing Assets/Resources/hamburger_icon_143010.png using Guid(c475c785f49d9d042815fea4109ca272) Importer(815301076,1909f56bfc062723c751e8b465ee728b)  -> (artifact id: '3b9feb9e69c0963074d95eff45dd64d0') in 0.014443 seconds
  Import took 0.017953 seconds .

========================================================================
Received Import Request.
  Time since last request: 0.000205 seconds.
  path: Assets/Resources/icons8-메시지-32.png
  artifactKey: Guid(e4a0d77df155ce544a1b7abd226f2359) Importer(815301076,1909f56bfc062723c751e8b465ee728b)
Start importing Assets/Resources/icons8-메시지-32.png using Guid(e4a0d77df155ce544a1b7abd226f2359) Importer(815301076,1909f56bfc062723c751e8b465ee728b)  -> (artifact id: 'de1d20d2ab9a079f9482531e4676eaf1') in 0.009999 seconds
  Import took 0.013237 seconds .

========================================================================
Received Import Request.
  Time since last request: 0.000191 seconds.
  path: Assets/Resources/Item2.png
  artifactKey: Guid(1bcffa077f4dffd4b91c5adf0a939d87) Importer(815301076,1909f56bfc062723c751e8b465ee728b)
Start importing Assets/Resources/Item2.png using Guid(1bcffa077f4dffd4b91c5adf0a939d87) Importer(815301076,1909f56bfc062723c751e8b465ee728b)  -> (artifact id: 'e3d6e5baa4851c40a9b1deee1561bf96') in 0.011849 seconds
  Import took 0.014703 seconds .

========================================================================
Received Import Request.
  Time since last request: 0.000264 seconds.
  path: Assets/Resources/iconfinder_Tick_Mark_Circle_1398913.png
  artifactKey: Guid(185d004087fb7fc4db1d34b9b07d91e9) Importer(815301076,1909f56bfc062723c751e8b465ee728b)
Start importing Assets/Resources/iconfinder_Tick_Mark_Circle_1398913.png using Guid(185d004087fb7fc4db1d34b9b07d91e9) Importer(815301076,1909f56bfc062723c751e8b465ee728b)  -> (artifact id: 'a02a0786a7cf2db2c050f29983c2a623') in 0.013896 seconds
  Import took 0.017316 seconds .

========================================================================
Received Import Request.
  Time since last request: 5.442102 seconds.
  path: Assets/Resources/Item3.png
  artifactKey: Guid(749fbd08b2e9ceb4cad4da68f38cdfaa) Importer(815301076,1909f56bfc062723c751e8b465ee728b)
Start importing Assets/Resources/Item3.png using Guid(749fbd08b2e9ceb4cad4da68f38cdfaa) Importer(815301076,1909f56bfc062723c751e8b465ee728b)  -> (artifact id: 'fefb82a599f5c8c1532c4d184ab6d0bf') in 0.014033 seconds
  Import took 0.016960 seconds .

========================================================================
Received Import Request.
  Time since last request: 0.231275 seconds.
  path: Assets/Resources/Item4.PNG
  artifactKey: Guid(36bf1cd7fb7532a45a7b527992ea61ef) Importer(815301076,1909f56bfc062723c751e8b465ee728b)
Start importing Assets/Resources/Item4.PNG using Guid(36bf1cd7fb7532a45a7b527992ea61ef) Importer(815301076,1909f56bfc062723c751e8b465ee728b)  -> (artifact id: 'd1d1ea27a9f16f254b58e1b4f5c54972') in 0.012834 seconds
  Import took 0.016030 seconds .

========================================================================
Received Import Request.
  Time since last request: 0.033779 seconds.
  path: Assets/Resources/Job.PNG
  artifactKey: Guid(8eb8d47449018b942ba9d061b551ec35) Importer(815301076,1909f56bfc062723c751e8b465ee728b)
Start importing Assets/Resources/Job.PNG using Guid(8eb8d47449018b942ba9d061b551ec35) Importer(815301076,1909f56bfc062723c751e8b465ee728b)  -> (artifact id: '80f8cddf5029c52ea5bd240cb6ddd595') in 0.010590 seconds
  Import took 0.013718 seconds .

========================================================================
Received Import Request.
  Time since last request: 0.213232 seconds.
  path: Assets/Resources/Researccher1.psd
  artifactKey: Guid(6258af357190ab4468b8271e8c19389f) Importer(815301076,1909f56bfc062723c751e8b465ee728b)
Start importing Assets/Resources/Researccher1.psd using Guid(6258af357190ab4468b8271e8c19389f) Importer(815301076,1909f56bfc062723c751e8b465ee728b)  -> (artifact id: '91926cfd56c9772d9c2b2934f1371f57') in 0.011029 seconds
  Import took 0.013685 seconds .

========================================================================
Received Import Request.
  Time since last request: 0.052192 seconds.
  path: Assets/Resources/Researcher1.prefab
  artifactKey: Guid(1ac5d55b6fa4070449fef36d18a08203) Importer(815301076,1909f56bfc062723c751e8b465ee728b)
Start importing Assets/Resources/Researcher1.prefab using Guid(1ac5d55b6fa4070449fef36d18a08203) Importer(815301076,1909f56bfc062723c751e8b465ee728b)  -> (artifact id: '1abcec05fdeb34a799b7dfe1a529860c') in 0.024879 seconds
  Import took 0.028827 seconds .

========================================================================
Received Import Request.
  Time since last request: 0.266999 seconds.
  path: Assets/Resources/Resercher_A.png
  artifactKey: Guid(cbb66db9935018f4684af1cdbe8f028f) Importer(815301076,1909f56bfc062723c751e8b465ee728b)
Start importing Assets/Resources/Resercher_A.png using Guid(cbb66db9935018f4684af1cdbe8f028f) Importer(815301076,1909f56bfc062723c751e8b465ee728b)  -> (artifact id: 'a4c886ef8b06492bf4a48e9a82fa25d5') in 0.011026 seconds
  Import took 0.015279 seconds .

========================================================================
Received Import Request.
  Time since last request: 0.012021 seconds.
  path: Assets/Resources/Serpin.prefab
  artifactKey: Guid(3ed54960f0b017147a99ad116ab4aa10) Importer(815301076,1909f56bfc062723c751e8b465ee728b)
Start importing Assets/Resources/Serpin.prefab using Guid(3ed54960f0b017147a99ad116ab4aa10) Importer(815301076,1909f56bfc062723c751e8b465ee728b)  -> (artifact id: '1e881c735796c9c218480a63ac3b55f8') in 0.031963 seconds
  Import took 0.034799 seconds .

========================================================================
Received Import Request.
  Time since last request: 0.311326 seconds.
  path: Assets/Resources/Serpin_mini.png
  artifactKey: Guid(9fecb5b4d0908434483a0a8e757aa021) Importer(815301076,1909f56bfc062723c751e8b465ee728b)
Start importing Assets/Resources/Serpin_mini.png using Guid(9fecb5b4d0908434483a0a8e757aa021) Importer(815301076,1909f56bfc062723c751e8b465ee728b)  -> (artifact id: '40cc125d3ddd8fd54cecdfb2b43b0ca2') in 0.008996 seconds
  Import took 0.011423 seconds .

========================================================================
Received Import Request.
  Time since last request: 0.741011 seconds.
  path: Assets/Resources/Serpin_mint.png
  artifactKey: Guid(b42e47460628285479c7866e086e8eec) Importer(815301076,1909f56bfc062723c751e8b465ee728b)
Start importing Assets/Resources/Serpin_mint.png using Guid(b42e47460628285479c7866e086e8eec) Importer(815301076,1909f56bfc062723c751e8b465ee728b)  -> (artifact id: 'e298396b65b19ff2eafdc3748bef088f') in 0.009241 seconds
  Import took 0.011601 seconds .

========================================================================
Received Import Request.
  Time since last request: 4.859627 seconds.
  path: Assets/Resources/Trait_Button.prefab
  artifactKey: Guid(412b79ba764294a4cb2b6086b7a40fb4) Importer(815301076,1909f56bfc062723c751e8b465ee728b)
Start importing Assets/Resources/Trait_Button.prefab using Guid(412b79ba764294a4cb2b6086b7a40fb4) Importer(815301076,1909f56bfc062723c751e8b465ee728b)  -> (artifact id: 'c27307231e74ce79968f207f13501731') in 0.005367 seconds
  Import took 0.007988 seconds .

========================================================================
Received Import Request.
  Time since last request: 0.031655 seconds.
  path: Assets/Resources/up버튼.png
  artifactKey: Guid(5ad00f2131b28e547b42cb9e4862d49a) Importer(815301076,1909f56bfc062723c751e8b465ee728b)
Start importing Assets/Resources/up버튼.png using Guid(5ad00f2131b28e547b42cb9e4862d49a) Importer(815301076,1909f56bfc062723c751e8b465ee728b)  -> (artifact id: '1debb11d7b6cc422ecb7e882650b072e') in 0.009799 seconds
  Import took 0.012176 seconds .

========================================================================
Received Import Request.
  Time since last request: 0.173158 seconds.
  path: Assets/Resources/고용layout.PNG
  artifactKey: Guid(8db2ca105f98ab240a6198f02599b0ac) Importer(815301076,1909f56bfc062723c751e8b465ee728b)
Start importing Assets/Resources/고용layout.PNG using Guid(8db2ca105f98ab240a6198f02599b0ac) Importer(815301076,1909f56bfc062723c751e8b465ee728b)  -> (artifact id: '91f15a50be089ab29e9729714558961a') in 0.010207 seconds
  Import took 0.012843 seconds .

========================================================================
Received Import Request.
  Time since last request: 0.530045 seconds.
  path: Assets/Resources/고용버튼 1.PNG
  artifactKey: Guid(57bffd175a9659d4d816bf4229ac291a) Importer(815301076,1909f56bfc062723c751e8b465ee728b)
Start importing Assets/Resources/고용버튼 1.PNG using Guid(57bffd175a9659d4d816bf4229ac291a) Importer(815301076,1909f56bfc062723c751e8b465ee728b)  -> (artifact id: '15a3720c6329b0c4b9894422d5c6615d') in 0.008687 seconds
  Import took 0.010957 seconds .

========================================================================
Received Import Request.
  Time since last request: 0.012842 seconds.
  path: Assets/Resources/고용버튼2.PNG
  artifactKey: Guid(793a95c482b7e4941932cac907799087) Importer(815301076,1909f56bfc062723c751e8b465ee728b)
Start importing Assets/Resources/고용버튼2.PNG using Guid(793a95c482b7e4941932cac907799087) Importer(815301076,1909f56bfc062723c751e8b465ee728b)  -> (artifact id: '490a3cb1d6c5782494d6d72ab0fca8d6') in 0.010725 seconds
  Import took 0.013033 seconds .

========================================================================
Received Import Request.
  Time since last request: 0.222294 seconds.
  path: Assets/Resources/고용버튼3.PNG
  artifactKey: Guid(8ed35bb7b4025964894ad3f1d5019890) Importer(815301076,1909f56bfc062723c751e8b465ee728b)
Start importing Assets/Resources/고용버튼3.PNG using Guid(8ed35bb7b4025964894ad3f1d5019890) Importer(815301076,1909f56bfc062723c751e8b465ee728b)  -> (artifact id: '7f4a4000f61a04c7586151fe3b9120b9') in 0.012282 seconds
  Import took 0.015185 seconds .

========================================================================
Received Import Request.
  Time since last request: 0.018096 seconds.
  path: Assets/Resources/대가리 (1).png
  artifactKey: Guid(f0e231cb7d2727047b7cad047a3760ac) Importer(815301076,1909f56bfc062723c751e8b465ee728b)
Start importing Assets/Resources/대가리 (1).png using Guid(f0e231cb7d2727047b7cad047a3760ac) Importer(815301076,1909f56bfc062723c751e8b465ee728b)  -> (artifact id: 'af99573a64e3f7081e4f25812ee5995f') in 0.013690 seconds
  Import took 0.016107 seconds .

========================================================================
Received Import Request.
  Time since last request: 0.000214 seconds.
  path: Assets/Resources/볼펜.png
  artifactKey: Guid(0526f46f6b06781458610bb45df74f71) Importer(815301076,1909f56bfc062723c751e8b465ee728b)
Start importing Assets/Resources/볼펜.png using Guid(0526f46f6b06781458610bb45df74f71) Importer(815301076,1909f56bfc062723c751e8b465ee728b)  -> (artifact id: '157383a46b1dfa07dab463a0aff7830c') in 0.012056 seconds
  Import took 0.014809 seconds .

========================================================================
Received Import Request.
  Time since last request: 0.014162 seconds.
  path: Assets/Resources/상점.PNG
  artifactKey: Guid(9c5e6cc993381fb40901a80957bbf6e4) Importer(815301076,1909f56bfc062723c751e8b465ee728b)
Start importing Assets/Resources/상점.PNG using Guid(9c5e6cc993381fb40901a80957bbf6e4) Importer(815301076,1909f56bfc062723c751e8b465ee728b)  -> (artifact id: '13ac10a734c51aeaeb18ec4c0bc533c2') in 0.010353 seconds
  Import took 0.013575 seconds .

========================================================================
Received Import Request.
  Time since last request: 0.227753 seconds.
  path: Assets/Resources/상점버튼.png
  artifactKey: Guid(42a2012b82b2fe74681c11781c45033d) Importer(815301076,1909f56bfc062723c751e8b465ee728b)
Start importing Assets/Resources/상점버튼.png using Guid(42a2012b82b2fe74681c11781c45033d) Importer(815301076,1909f56bfc062723c751e8b465ee728b)  -> (artifact id: '42ff2a651c63d950a0e5db1eae9f8b46') in 0.009754 seconds
  Import took 0.012771 seconds .

========================================================================
Received Import Request.
  Time since last request: 0.056980 seconds.
  path: Assets/Resources/서류.PNG
  artifactKey: Guid(bb7984d1b18826249bf428c7d2319b69) Importer(815301076,1909f56bfc062723c751e8b465ee728b)
Start importing Assets/Resources/서류.PNG using Guid(bb7984d1b18826249bf428c7d2319b69) Importer(815301076,1909f56bfc062723c751e8b465ee728b)  -> (artifact id: 'a4ddf6c4e0fa31e51274b7a3a3d344fb') in 0.010046 seconds
  Import took 0.013842 seconds .

========================================================================
Received Import Request.
  Time since last request: 0.042699 seconds.
  path: Assets/Resources/세르핀.PNG
  artifactKey: Guid(6f7348827348ba84a88480663b5e17f6) Importer(815301076,1909f56bfc062723c751e8b465ee728b)
Start importing Assets/Resources/세르핀.PNG using Guid(6f7348827348ba84a88480663b5e17f6) Importer(815301076,1909f56bfc062723c751e8b465ee728b)  -> (artifact id: 'b2b79c51c96ad8acfc54f470cb256b4a') in 0.010506 seconds
  Import took 0.013054 seconds .

========================================================================
Received Import Request.
  Time since last request: 0.210148 seconds.
  path: Assets/Resources/연구원.PNG
  artifactKey: Guid(a9a6526ed6dea994ebe2911abd203fc9) Importer(815301076,1909f56bfc062723c751e8b465ee728b)
Start importing Assets/Resources/연구원.PNG using Guid(a9a6526ed6dea994ebe2911abd203fc9) Importer(815301076,1909f56bfc062723c751e8b465ee728b)  -> (artifact id: 'f0eab2dcf1519b0c195c1d62878866d3') in 0.010346 seconds
  Import took 0.013580 seconds .

========================================================================
Received Import Request.
  Time since last request: 0.000485 seconds.
  path: Assets/Resources/연구원.PNG
  artifactKey: Guid(a9a6526ed6dea994ebe2911abd203fc9) Importer(815301076,1909f56bfc062723c751e8b465ee728b)
Start importing Assets/Resources/연구원.PNG using Guid(a9a6526ed6dea994ebe2911abd203fc9) Importer(815301076,1909f56bfc062723c751e8b465ee728b)  -> (artifact id: 'f0eab2dcf1519b0c195c1d62878866d3') in 0.010718 seconds
  Import took 0.014931 seconds .

========================================================================
Received Import Request.
  Time since last request: 0.000234 seconds.
  path: Assets/Resources/연구원1.PNG
  artifactKey: Guid(664dfdeb293b8404cadf28886202ebbe) Importer(815301076,1909f56bfc062723c751e8b465ee728b)
Start importing Assets/Resources/연구원1.PNG using Guid(664dfdeb293b8404cadf28886202ebbe) Importer(815301076,1909f56bfc062723c751e8b465ee728b)  -> (artifact id: 'c574e1845b2eec77676ff7bf925e9221') in 0.013818 seconds
  Import took 0.016602 seconds .

========================================================================
Received Import Request.
  Time since last request: 0.022853 seconds.
  path: Assets/Resources/연구원2.PNG
  artifactKey: Guid(0fcc1f11a03fdaf4c9e38e3657f302e7) Importer(815301076,1909f56bfc062723c751e8b465ee728b)
Start importing Assets/Resources/연구원2.PNG using Guid(0fcc1f11a03fdaf4c9e38e3657f302e7) Importer(815301076,1909f56bfc062723c751e8b465ee728b)  -> (artifact id: 'b70c11746bb42891e6ba9d997925e40b') in 0.008947 seconds
  Import took 0.011571 seconds .

========================================================================
Received Import Request.
  Time since last request: 0.774372 seconds.
  path: Assets/Resources/연구원버튼.png
  artifactKey: Guid(1335bf3e64a23a74c932671bae071c75) Importer(815301076,1909f56bfc062723c751e8b465ee728b)
Start importing Assets/Resources/연구원버튼.png using Guid(1335bf3e64a23a74c932671bae071c75) Importer(815301076,1909f56bfc062723c751e8b465ee728b)  -> (artifact id: 'eec3195b9213df47aaf097b12062acde') in 0.011779 seconds
  Import took 0.014694 seconds .

========================================================================
Received Import Request.
  Time since last request: 0.002404 seconds.
  path: Assets/Resources/연구원버튼.png
  artifactKey: Guid(1335bf3e64a23a74c932671bae071c75) Importer(815301076,1909f56bfc062723c751e8b465ee728b)
Start importing Assets/Resources/연구원버튼.png using Guid(1335bf3e64a23a74c932671bae071c75) Importer(815301076,1909f56bfc062723c751e8b465ee728b)  -> (artifact id: 'eec3195b9213df47aaf097b12062acde') in 0.012327 seconds
  Import took 0.014664 seconds .

========================================================================
Received Import Request.
  Time since last request: 0.033234 seconds.
  path: Assets/Resources/연구원프로필1.PNG
  artifactKey: Guid(a9fb0a758c935714287d2690794105f0) Importer(815301076,1909f56bfc062723c751e8b465ee728b)
Start importing Assets/Resources/연구원프로필1.PNG using Guid(a9fb0a758c935714287d2690794105f0) Importer(815301076,1909f56bfc062723c751e8b465ee728b)  -> (artifact id: '5924d55e737c3856e3ed8aae9bcfa55e') in 0.011374 seconds
  Import took 0.014427 seconds .

========================================================================
Received Import Request.
  Time since last request: 0.000417 seconds.
  path: Assets/Resources/연필.PNG
  artifactKey: Guid(40a3b56824853684280d916ad5dcb997) Importer(815301076,1909f56bfc062723c751e8b465ee728b)
Start importing Assets/Resources/연필.PNG using Guid(40a3b56824853684280d916ad5dcb997) Importer(815301076,1909f56bfc062723c751e8b465ee728b)  -> (artifact id: '8abb428b949fdd61f837e7486ddd66f0') in 0.008585 seconds
  Import took 0.011719 seconds .

========================================================================
Received Import Request.
  Time since last request: 0.156739 seconds.
  path: Assets/Resources/이력서.PNG
  artifactKey: Guid(4d4e1629bb7f74d4cbaec12888cb96e3) Importer(815301076,1909f56bfc062723c751e8b465ee728b)
Start importing Assets/Resources/이력서.PNG using Guid(4d4e1629bb7f74d4cbaec12888cb96e3) Importer(815301076,1909f56bfc062723c751e8b465ee728b)  -> (artifact id: '1e266113cb812ca5339de8e59a186d94') in 0.013425 seconds
  Import took 0.015778 seconds .

========================================================================
Received Import Request.
  Time since last request: 5.363323 seconds.
  path: Assets/Prefab/Document.prefab
  artifactKey: Guid(247de50fbf028b6418dd0a8330ee588b) Importer(815301076,1909f56bfc062723c751e8b465ee728b)
Start importing Assets/Prefab/Document.prefab using Guid(247de50fbf028b6418dd0a8330ee588b) Importer(815301076,1909f56bfc062723c751e8b465ee728b)  -> (artifact id: '27fe4d73e92dbcb0e10cc4c0c4b79f9d') in 0.005064 seconds
  Import took 0.007387 seconds .

========================================================================
Received Import Request.
  Time since last request: 0.000227 seconds.
  path: Assets/Prefab/Researcher1.prefab
  artifactKey: Guid(d6ab5e7dce7c32d45a70546828b069eb) Importer(815301076,1909f56bfc062723c751e8b465ee728b)
Start importing Assets/Prefab/Researcher1.prefab using Guid(d6ab5e7dce7c32d45a70546828b069eb) Importer(815301076,1909f56bfc062723c751e8b465ee728b)  -> (artifact id: '62656539f2554dcac3c2b945b256792a') in 0.003757 seconds
  Import took 0.007942 seconds .

========================================================================
Received Import Request.
  Time since last request: 0.000263 seconds.
  path: Assets/Prefab/Serpin.prefab
  artifactKey: Guid(0fae31823e7f2d84eb1c40ae6178164b) Importer(815301076,1909f56bfc062723c751e8b465ee728b)
Start importing Assets/Prefab/Serpin.prefab using Guid(0fae31823e7f2d84eb1c40ae6178164b) Importer(815301076,1909f56bfc062723c751e8b465ee728b)  -> (artifact id: '9ac99b803828584e71bd00a2c6514147') in 0.009647 seconds
  Import took 0.012338 seconds .

========================================================================
Received Import Request.
  Time since last request: 0.000210 seconds.
  path: Assets/Prefab/Trait_Button.prefab
  artifactKey: Guid(9391245bd0ea9e146a0792d39819270d) Importer(815301076,1909f56bfc062723c751e8b465ee728b)
Start importing Assets/Prefab/Trait_Button.prefab using Guid(9391245bd0ea9e146a0792d39819270d) Importer(815301076,1909f56bfc062723c751e8b465ee728b)  -> (artifact id: '0f23d5c83e44cf5aafaff3bc314ba85b') in 0.005421 seconds
  Import took 0.009547 seconds .

========================================================================
Received Import Request.
  Time since last request: 2.954550 seconds.
  path: Assets
  artifactKey: Guid(00000000000000001000000000000000) Importer(815301076,1909f56bfc062723c751e8b465ee728b)
Start importing Assets using Guid(00000000000000001000000000000000) Importer(815301076,1909f56bfc062723c751e8b465ee728b)  -> (artifact id: '42d402b061de3733987d63b9cc3b64de') in 0.004526 seconds
  Import took 0.007611 seconds .

========================================================================
Received Import Request.
  Time since last request: 0.001081 seconds.
  path: Assets
  artifactKey: Guid(00000000000000001000000000000000) Importer(815301076,1909f56bfc062723c751e8b465ee728b)
Start importing Assets using Guid(00000000000000001000000000000000) Importer(815301076,1909f56bfc062723c751e8b465ee728b)  -> (artifact id: '42d402b061de3733987d63b9cc3b64de') in 0.002808 seconds
  Import took 0.005959 seconds .

========================================================================
Received Import Request.
  Time since last request: 3.884672 seconds.
  path: Assets/ㅜㅐ
  artifactKey: Guid(f277349f685117745abe25a826bc8ea1) Importer(815301076,1909f56bfc062723c751e8b465ee728b)
Start importing Assets/ㅜㅐ using Guid(f277349f685117745abe25a826bc8ea1) Importer(815301076,1909f56bfc062723c751e8b465ee728b)  -> (artifact id: '470ec1a6c158bf9f236bf2a1cfd7ac9b') in 0.003453 seconds
  Import took 0.007632 seconds .

========================================================================
Received Import Request.
  Time since last request: 4.093481 seconds.
  path: Assets/ㅜㅐ/대가리 (1).png
  artifactKey: Guid(413c831a797d5004bbfff1c875cf1b01) Importer(815301076,1909f56bfc062723c751e8b465ee728b)
Start importing Assets/ㅜㅐ/대가리 (1).png using Guid(413c831a797d5004bbfff1c875cf1b01) Importer(815301076,1909f56bfc062723c751e8b465ee728b)  -> (artifact id: '7a56a008a3d3c5ef03d1cdba51839d24') in 0.009269 seconds
  Import took 0.011914 seconds .

========================================================================
Received Import Request.
  Time since last request: 307.165349 seconds.
  path: Assets/ㅜㅐ/대가리 (3).png
  artifactKey: Guid(99f9527ff2aab2147bbb2ff406151450) Importer(815301076,1909f56bfc062723c751e8b465ee728b)
Start importing Assets/ㅜㅐ/대가리 (3).png using Guid(99f9527ff2aab2147bbb2ff406151450) Importer(815301076,1909f56bfc062723c751e8b465ee728b)  -> (artifact id: '34923ac4e34745deedc2957633b47f77') in 0.013921 seconds
  Import took 0.017071 seconds .

========================================================================
Received Import Request.
  Time since last request: 42.862350 seconds.
  path: Assets/ㅜㅐ/대가리-1.png.png
  artifactKey: Guid(209869f207a113f4c97f75651232a9d5) Importer(815301076,1909f56bfc062723c751e8b465ee728b)
Start importing Assets/ㅜㅐ/대가리-1.png.png using Guid(209869f207a113f4c97f75651232a9d5) Importer(815301076,1909f56bfc062723c751e8b465ee728b)  -> (artifact id: 'a271ce7761a35edb495eb601237099d3') in 0.011183 seconds
  Import took 0.015409 seconds .

========================================================================
Received Import Request.
  Time since last request: 0.000480 seconds.
  path: Assets/ㅜㅐ/대가리-1.png.png
  artifactKey: Guid(209869f207a113f4c97f75651232a9d5) Importer(815301076,1909f56bfc062723c751e8b465ee728b)
Start importing Assets/ㅜㅐ/대가리-1.png.png using Guid(209869f207a113f4c97f75651232a9d5) Importer(815301076,1909f56bfc062723c751e8b465ee728b)  -> (artifact id: 'a271ce7761a35edb495eb601237099d3') in 0.009792 seconds
  Import took 0.012300 seconds .

========================================================================
Received Import Request.
  Time since last request: 17.714572 seconds.
  path: Assets/ㅜㅐ/대가리 (3).png
  artifactKey: Guid(99f9527ff2aab2147bbb2ff406151450) Importer(815301076,1909f56bfc062723c751e8b465ee728b)
Start importing Assets/ㅜㅐ/대가리 (3).png using Guid(99f9527ff2aab2147bbb2ff406151450) Importer(815301076,1909f56bfc062723c751e8b465ee728b)  -> (artifact id: '24759fce9993ea37efc088b40c8ba405') in 0.020117 seconds
  Import took 0.024309 seconds .

========================================================================
Received Import Request.
  Time since last request: 77.846818 seconds.
  path: Assets/ㅜㅐ/대가리-1.png.png
  artifactKey: Guid(209869f207a113f4c97f75651232a9d5) Importer(815301076,1909f56bfc062723c751e8b465ee728b)
Start importing Assets/ㅜㅐ/대가리-1.png.png using Guid(209869f207a113f4c97f75651232a9d5) Importer(815301076,1909f56bfc062723c751e8b465ee728b)  -> (artifact id: '6e5f52147647525154d4537a02a434b1') in 0.020729 seconds
  Import took 0.025356 seconds .

========================================================================
Received Import Request.
  Time since last request: 43.844610 seconds.
  path: Assets/1/직원몸통.psd
  artifactKey: Guid(95c265b2177ced44d8788eb4cff2a0fb) Importer(815301076,1909f56bfc062723c751e8b465ee728b)
Start importing Assets/1/직원몸통.psd using Guid(95c265b2177ced44d8788eb4cff2a0fb) Importer(815301076,1909f56bfc062723c751e8b465ee728b)  -> (artifact id: '8de82bb7fd97728fd0075194b0926897') in 0.019623 seconds
  Import took 0.023384 seconds .

========================================================================
Received Import Request.
  Time since last request: 5.548878 seconds.
  path: Assets/1/직원몸통.psd
  artifactKey: Guid(95c265b2177ced44d8788eb4cff2a0fb) Importer(815301076,1909f56bfc062723c751e8b465ee728b)
Start importing Assets/1/직원몸통.psd using Guid(95c265b2177ced44d8788eb4cff2a0fb) Importer(815301076,1909f56bfc062723c751e8b465ee728b)  -> (artifact id: 'ed580b7e6dfc9ce54beac77a31eead2f') in 0.012258 seconds
  Import took 0.015762 seconds .

========================================================================
Received Import Request.
  Time since last request: 59.469506 seconds.
  path: Assets/1/1.psd
  artifactKey: Guid(403141e008b54d841bf77e783342eec1) Importer(815301076,1909f56bfc062723c751e8b465ee728b)
Start importing Assets/1/1.psd using Guid(403141e008b54d841bf77e783342eec1) Importer(815301076,1909f56bfc062723c751e8b465ee728b)  -> (artifact id: '903ccd87670f5c23a1fa2dacb90ce848') in 0.012970 seconds
  Import took 0.016453 seconds .

========================================================================
Received Prepare
Registering precompiled user dll's ...
Registered in 0.004418 seconds.
Begin MonoManager ReloadAssembly
Native extension for WindowsStandalone target not found
Refreshing native plugins compatible for Editor in 40.47 ms, found 3 plugins.
Preloading 0 native plugins for Editor in 0.00 ms.
Mono: successfully reloaded assembly
- Completed reload, in  1.181 seconds
Platform modules already initialized, skipping
Refreshing native plugins compatible for Editor in 0.44 ms, found 3 plugins.
Preloading 0 native plugins for Editor in 0.00 ms.
Unloading 1989 Unused Serialized files (Serialized files now loaded: 0)
System memory in use before: 93.9 MB.
System memory in use after: 93.9 MB.

Unloading 22 unused Assets to reduce memory usage. Loaded Objects now: 2510.
Total: 2.215700 ms (FindLiveObjects: 0.147200 ms CreateObjectMapping: 0.045200 ms MarkObjects: 1.893700 ms  DeleteObjects: 0.128300 ms)

========================================================================
Received Import Request.
  Time since last request: 125.525379 seconds.
  path: Assets/ㅜㅐ/대가리 (3).png
  artifactKey: Guid(99f9527ff2aab2147bbb2ff406151450) Importer(815301076,1909f56bfc062723c751e8b465ee728b)
Start importing Assets/ㅜㅐ/대가리 (3).png using Guid(99f9527ff2aab2147bbb2ff406151450) Importer(815301076,1909f56bfc062723c751e8b465ee728b)  -> (artifact id: '2749586bfc29815918ff3be17c245d21') in 0.051496 seconds
  Import took 0.055473 seconds .

========================================================================
Received Import Request.
  Time since last request: 8.687987 seconds.
  path: Assets/ㅜㅐ/대가리 (1).png
  artifactKey: Guid(413c831a797d5004bbfff1c875cf1b01) Importer(815301076,1909f56bfc062723c751e8b465ee728b)
Start importing Assets/ㅜㅐ/대가리 (1).png using Guid(413c831a797d5004bbfff1c875cf1b01) Importer(815301076,1909f56bfc062723c751e8b465ee728b)  -> (artifact id: '08b2446db2d25ad034c9fb2d765e581e') in 0.013135 seconds
  Import took 0.017351 seconds .

========================================================================
Received Import Request.
  Time since last request: 0.009082 seconds.
  path: Assets/ㅜㅐ/대가리 (1).png
  artifactKey: Guid(413c831a797d5004bbfff1c875cf1b01) Importer(815301076,1909f56bfc062723c751e8b465ee728b)
Start importing Assets/ㅜㅐ/대가리 (1).png using Guid(413c831a797d5004bbfff1c875cf1b01) Importer(815301076,1909f56bfc062723c751e8b465ee728b)  -> (artifact id: '08b2446db2d25ad034c9fb2d765e581e') in 0.012524 seconds
  Import took 0.018144 seconds .

========================================================================
Received Import Request.
  Time since last request: 27.294334 seconds.
  path: Assets/ㅜㅐ/대가리 (1).png
  artifactKey: Guid(413c831a797d5004bbfff1c875cf1b01) Importer(815301076,1909f56bfc062723c751e8b465ee728b)
Start importing Assets/ㅜㅐ/대가리 (1).png using Guid(413c831a797d5004bbfff1c875cf1b01) Importer(815301076,1909f56bfc062723c751e8b465ee728b)  -> (artifact id: '3225f3b9274bbc7e62189ea4643ac0eb') in 0.017437 seconds
  Import took 0.021539 seconds .

========================================================================
Received Import Request.
  Time since last request: 7.390209 seconds.
  path: Assets/ㅜㅐ/대가리 (1).png
  artifactKey: Guid(413c831a797d5004bbfff1c875cf1b01) Importer(815301076,1909f56bfc062723c751e8b465ee728b)
Start importing Assets/ㅜㅐ/대가리 (1).png using Guid(413c831a797d5004bbfff1c875cf1b01) Importer(815301076,1909f56bfc062723c751e8b465ee728b)  -> (artifact id: 'ad63c5bbc89dd463dc58124ae071f32e') in 0.009956 seconds
  Import took 0.012874 seconds .

========================================================================
Received Import Request.
  Time since last request: 0.002210 seconds.
  path: Assets/ㅜㅐ/대가리 (1).png
  artifactKey: Guid(413c831a797d5004bbfff1c875cf1b01) Importer(815301076,1909f56bfc062723c751e8b465ee728b)
Start importing Assets/ㅜㅐ/대가리 (1).png using Guid(413c831a797d5004bbfff1c875cf1b01) Importer(815301076,1909f56bfc062723c751e8b465ee728b)  -> (artifact id: 'ad63c5bbc89dd463dc58124ae071f32e') in 0.010325 seconds
  Import took 0.013451 seconds .

========================================================================
Received Import Request.
  Time since last request: 30.516383 seconds.
  path: Assets/ㅜㅐ/대가리 (1).png
  artifactKey: Guid(413c831a797d5004bbfff1c875cf1b01) Importer(815301076,1909f56bfc062723c751e8b465ee728b)
Start importing Assets/ㅜㅐ/대가리 (1).png using Guid(413c831a797d5004bbfff1c875cf1b01) Importer(815301076,1909f56bfc062723c751e8b465ee728b)  -> (artifact id: '44c15e9bc85ce026af9499803482261c') in 0.030309 seconds
  Import took 0.034784 seconds .

========================================================================
Received Import Request.
  Time since last request: 22.940281 seconds.
  path: Assets/ㅜㅐ/New Animation.anim
  artifactKey: Guid(3b59a69c8396f6a42823fcd3143fdd06) Importer(815301076,1909f56bfc062723c751e8b465ee728b)
Start importing Assets/ㅜㅐ/New Animation.anim using Guid(3b59a69c8396f6a42823fcd3143fdd06) Importer(815301076,1909f56bfc062723c751e8b465ee728b)  -> (artifact id: 'b10b6ff8f672cb1f2976e18ae4d8a0c2') in 0.005092 seconds
  Import took 0.008667 seconds .

========================================================================
Received Import Request.
  Time since last request: 0.004478 seconds.
  path: Assets/ㅜㅐ/New Animation.anim
  artifactKey: Guid(3b59a69c8396f6a42823fcd3143fdd06) Importer(815301076,1909f56bfc062723c751e8b465ee728b)
Start importing Assets/ㅜㅐ/New Animation.anim using Guid(3b59a69c8396f6a42823fcd3143fdd06) Importer(815301076,1909f56bfc062723c751e8b465ee728b)  -> (artifact id: 'b10b6ff8f672cb1f2976e18ae4d8a0c2') in 0.003546 seconds
  Import took 0.007637 seconds .

========================================================================
Received Import Request.
  Time since last request: 25.382747 seconds.
  path: Assets/ㅜㅐ/대가리 (1)_0.controller
  artifactKey: Guid(4a5b1f30b25cc94499b155e3021cc515) Importer(815301076,1909f56bfc062723c751e8b465ee728b)
Start importing Assets/ㅜㅐ/대가리 (1)_0.controller using Guid(4a5b1f30b25cc94499b155e3021cc515) Importer(815301076,1909f56bfc062723c751e8b465ee728b)  -> (artifact id: '87d43f3407097d3b2adc6a7378fc5e05') in 0.004744 seconds
  Import took 0.007937 seconds .

========================================================================
Received Import Request.
  Time since last request: 0.001007 seconds.
  path: Assets/ㅜㅐ/대가리 (1)_0.controller
  artifactKey: Guid(4a5b1f30b25cc94499b155e3021cc515) Importer(815301076,1909f56bfc062723c751e8b465ee728b)
Start importing Assets/ㅜㅐ/대가리 (1)_0.controller using Guid(4a5b1f30b25cc94499b155e3021cc515) Importer(815301076,1909f56bfc062723c751e8b465ee728b)  -> (artifact id: '87d43f3407097d3b2adc6a7378fc5e05') in 0.002760 seconds
  Import took 0.005811 seconds .

========================================================================
Received Prepare
Registering precompiled user dll's ...
Registered in 0.004299 seconds.
Begin MonoManager ReloadAssembly
Native extension for WindowsStandalone target not found
Refreshing native plugins compatible for Editor in 0.40 ms, found 3 plugins.
Preloading 0 native plugins for Editor in 0.00 ms.
Mono: successfully reloaded assembly
- Completed reload, in  0.826 seconds
Platform modules already initialized, skipping
Refreshing native plugins compatible for Editor in 0.40 ms, found 3 plugins.
Preloading 0 native plugins for Editor in 0.00 ms.
Unloading 1989 Unused Serialized files (Serialized files now loaded: 0)
System memory in use before: 94.0 MB.
System memory in use after: 94.0 MB.

Unloading 19 unused Assets to reduce memory usage. Loaded Objects now: 2528.
Total: 1.785700 ms (FindLiveObjects: 0.157300 ms CreateObjectMapping: 0.041600 ms MarkObjects: 1.514400 ms  DeleteObjects: 0.071200 ms)

========================================================================
Received Import Request.
  Time since last request: 338.871694 seconds.
  path: Assets/ㅜㅐ/New Font.fontsettings
  artifactKey: Guid(e79515b5b777a7b4e95fd656b43f96af) Importer(815301076,1909f56bfc062723c751e8b465ee728b)
Start importing Assets/ㅜㅐ/New Font.fontsettings using Guid(e79515b5b777a7b4e95fd656b43f96af) Importer(815301076,1909f56bfc062723c751e8b465ee728b)  -> (artifact id: 'e071005b32c444bed859873a783e10a6') in 0.031138 seconds
  Import took 0.049634 seconds .

========================================================================
Received Import Request.
  Time since last request: 481.345088 seconds.
  path: Assets/ㅜㅐ/제목 없음.png
  artifactKey: Guid(4954e9da657c7cc4ebe790fc807811e2) Importer(815301076,1909f56bfc062723c751e8b465ee728b)
Start importing Assets/ㅜㅐ/제목 없음.png using Guid(4954e9da657c7cc4ebe790fc807811e2) Importer(815301076,1909f56bfc062723c751e8b465ee728b)  -> (artifact id: '8f24e4f76f88706c419d5816d382d295') in 0.056761 seconds
  Import took 0.066638 seconds .

========================================================================
Received Prepare
Registering precompiled user dll's ...
Registered in 0.005822 seconds.
Begin MonoManager ReloadAssembly
Native extension for WindowsStandalone target not found
Refreshing native plugins compatible for Editor in 0.39 ms, found 3 plugins.
Preloading 0 native plugins for Editor in 0.00 ms.
Mono: successfully reloaded assembly
- Completed reload, in  0.857 seconds
Platform modules already initialized, skipping
Refreshing native plugins compatible for Editor in 0.68 ms, found 3 plugins.
Preloading 0 native plugins for Editor in 0.00 ms.
Unloading 1989 Unused Serialized files (Serialized files now loaded: 0)
System memory in use before: 94.0 MB.
System memory in use after: 94.0 MB.

Unloading 19 unused Assets to reduce memory usage. Loaded Objects now: 2532.
Total: 2.213000 ms (FindLiveObjects: 0.178700 ms CreateObjectMapping: 0.046000 ms MarkObjects: 1.892900 ms  DeleteObjects: 0.093900 ms)

========================================================================
Received Prepare
Registering precompiled user dll's ...
Registered in 0.004038 seconds.
Begin MonoManager ReloadAssembly
Native extension for WindowsStandalone target not found
Refreshing native plugins compatible for Editor in 0.62 ms, found 3 plugins.
Preloading 0 native plugins for Editor in 0.00 ms.
Mono: successfully reloaded assembly
- Completed reload, in  0.859 seconds
Platform modules already initialized, skipping
Refreshing native plugins compatible for Editor in 0.38 ms, found 3 plugins.
Preloading 0 native plugins for Editor in 0.00 ms.
Unloading 1989 Unused Serialized files (Serialized files now loaded: 0)
System memory in use before: 94.0 MB.
System memory in use after: 94.0 MB.

Unloading 19 unused Assets to reduce memory usage. Loaded Objects now: 2535.
Total: 2.202400 ms (FindLiveObjects: 0.177800 ms CreateObjectMapping: 0.044300 ms MarkObjects: 1.880600 ms  DeleteObjects: 0.098700 ms)

========================================================================
Received Prepare
Registering precompiled user dll's ...
Registered in 0.023103 seconds.
Begin MonoManager ReloadAssembly
Native extension for WindowsStandalone target not found
Refreshing native plugins compatible for Editor in 0.54 ms, found 3 plugins.
Preloading 0 native plugins for Editor in 0.00 ms.
Mono: successfully reloaded assembly
- Completed reload, in  1.784 seconds
Platform modules already initialized, skipping
Refreshing native plugins compatible for Editor in 0.68 ms, found 3 plugins.
Preloading 0 native plugins for Editor in 0.00 ms.
Unloading 1989 Unused Serialized files (Serialized files now loaded: 0)
System memory in use before: 94.0 MB.
System memory in use after: 94.0 MB.

Unloading 19 unused Assets to reduce memory usage. Loaded Objects now: 2538.
Total: 2.194000 ms (FindLiveObjects: 0.178500 ms CreateObjectMapping: 0.050500 ms MarkObjects: 1.860400 ms  DeleteObjects: 0.103200 ms)

========================================================================
Received Import Request.
  Time since last request: 552.575374 seconds.
  path: Assets/ㅜㅐ/연구원 제발 되라.png
  artifactKey: Guid(18b0b573b91642f44ad894900884d3f9) Importer(815301076,1909f56bfc062723c751e8b465ee728b)
Start importing Assets/ㅜㅐ/연구원 제발 되라.png using Guid(18b0b573b91642f44ad894900884d3f9) Importer(815301076,1909f56bfc062723c751e8b465ee728b)  -> (artifact id: 'efc36c9bfeaf984372396b09264149d5') in 0.056384 seconds
  Import took 0.060989 seconds .

========================================================================
Received Import Request.
  Time since last request: 1674.584891 seconds.
  path: Assets/ㅜㅐ/연구원 제발.psd
  artifactKey: Guid(2a9e8ae1fc80f2343bd99ffce2d57731) Importer(815301076,1909f56bfc062723c751e8b465ee728b)
Start importing Assets/ㅜㅐ/연구원 제발.psd using Guid(2a9e8ae1fc80f2343bd99ffce2d57731) Importer(815301076,1909f56bfc062723c751e8b465ee728b)  -> (artifact id: 'd4a3a653ac205475d3aa246a0cc9d509') in 0.011250 seconds
  Import took 0.015629 seconds .

========================================================================
Received Import Request.
  Time since last request: 0.000267 seconds.
  path: Assets/ㅜㅐ/연구원 제발.psd
  artifactKey: Guid(2a9e8ae1fc80f2343bd99ffce2d57731) Importer(815301076,1909f56bfc062723c751e8b465ee728b)
Start importing Assets/ㅜㅐ/연구원 제발.psd using Guid(2a9e8ae1fc80f2343bd99ffce2d57731) Importer(815301076,1909f56bfc062723c751e8b465ee728b)  -> (artifact id: 'd4a3a653ac205475d3aa246a0cc9d509') in 0.009612 seconds
  Import took 0.012684 seconds .

========================================================================
Received Import Request.
  Time since last request: 128.253692 seconds.
  path: Assets/ㅜㅐ/연구원 제발 (1).psd
  artifactKey: Guid(a07ac007d2ddffc4e8ed9563c7e37960) Importer(815301076,1909f56bfc062723c751e8b465ee728b)
Start importing Assets/ㅜㅐ/연구원 제발 (1).psd using Guid(a07ac007d2ddffc4e8ed9563c7e37960) Importer(815301076,1909f56bfc062723c751e8b465ee728b)  -> (artifact id: 'a669f806b148db250719093128b018f4') in 0.009942 seconds
  Import took 0.013277 seconds .

========================================================================
Received Import Request.
  Time since last request: 0.000891 seconds.
  path: Assets/ㅜㅐ/연구원 제발 (1).psd
  artifactKey: Guid(a07ac007d2ddffc4e8ed9563c7e37960) Importer(815301076,1909f56bfc062723c751e8b465ee728b)
Start importing Assets/ㅜㅐ/연구원 제발 (1).psd using Guid(a07ac007d2ddffc4e8ed9563c7e37960) Importer(815301076,1909f56bfc062723c751e8b465ee728b)  -> (artifact id: 'a669f806b148db250719093128b018f4') in 0.009025 seconds
  Import took 0.012161 seconds .

========================================================================
Received Import Request.
  Time since last request: 88.411627 seconds.
  path: Assets/ㅜㅐ/연구원 제발 (1).psd
  artifactKey: Guid(a07ac007d2ddffc4e8ed9563c7e37960) Importer(815301076,1909f56bfc062723c751e8b465ee728b)
Start importing Assets/ㅜㅐ/연구원 제발 (1).psd using Guid(a07ac007d2ddffc4e8ed9563c7e37960) Importer(815301076,1909f56bfc062723c751e8b465ee728b)  -> (artifact id: '3f3cbbfeff20ddf52c312782af2df160') in 0.035924 seconds
  Import took 0.043206 seconds .

========================================================================
Received Import Request.
  Time since last request: 13.922462 seconds.
  path: Assets/ㅜㅐ/연구원 제발 (1).psd
  artifactKey: Guid(a07ac007d2ddffc4e8ed9563c7e37960) Importer(815301076,1909f56bfc062723c751e8b465ee728b)
Start importing Assets/ㅜㅐ/연구원 제발 (1).psd using Guid(a07ac007d2ddffc4e8ed9563c7e37960) Importer(815301076,1909f56bfc062723c751e8b465ee728b)  -> (artifact id: '4d23a967b7740f6479169ed79b98b6b3') in 0.029993 seconds
  Import took 0.036259 seconds .

========================================================================
Received Import Request.
  Time since last request: 16.762656 seconds.
  path: Assets/ㅜㅐ/연구원 제발 (1).psd
  artifactKey: Guid(a07ac007d2ddffc4e8ed9563c7e37960) Importer(815301076,1909f56bfc062723c751e8b465ee728b)
Start importing Assets/ㅜㅐ/연구원 제발 (1).psd using Guid(a07ac007d2ddffc4e8ed9563c7e37960) Importer(815301076,1909f56bfc062723c751e8b465ee728b)  -> (artifact id: '2299858168445a2fe70209a95c1aa71d') in 0.011828 seconds
  Import took 0.015945 seconds .

========================================================================
Received Import Request.
  Time since last request: 37.497562 seconds.
  path: Assets/ㅜㅐ/대가리 (1).png
  artifactKey: Guid(413c831a797d5004bbfff1c875cf1b01) Importer(815301076,1909f56bfc062723c751e8b465ee728b)
Start importing Assets/ㅜㅐ/대가리 (1).png using Guid(413c831a797d5004bbfff1c875cf1b01) Importer(815301076,1909f56bfc062723c751e8b465ee728b)  -> (artifact id: 'fc1e46abb2b8f03c4d51a271c6f73727') in 0.027273 seconds
  Import took 0.030971 seconds .

========================================================================
Received Prepare
Registering precompiled user dll's ...
Registered in 0.013425 seconds.
Begin MonoManager ReloadAssembly
Native extension for WindowsStandalone target not found
Refreshing native plugins compatible for Editor in 0.64 ms, found 3 plugins.
Preloading 0 native plugins for Editor in 0.00 ms.
Mono: successfully reloaded assembly
- Completed reload, in  0.891 seconds
Platform modules already initialized, skipping
Refreshing native plugins compatible for Editor in 0.41 ms, found 3 plugins.
Preloading 0 native plugins for Editor in 0.00 ms.
Unloading 1989 Unused Serialized files (Serialized files now loaded: 0)
System memory in use before: 94.0 MB.
System memory in use after: 94.1 MB.

Unloading 19 unused Assets to reduce memory usage. Loaded Objects now: 2546.
Total: 1.842200 ms (FindLiveObjects: 0.127400 ms CreateObjectMapping: 0.035900 ms MarkObjects: 1.579200 ms  DeleteObjects: 0.098700 ms)

========================================================================
Received Prepare
Registering precompiled user dll's ...
Registered in 0.006094 seconds.
Begin MonoManager ReloadAssembly
Native extension for WindowsStandalone target not found
Refreshing native plugins compatible for Editor in 0.66 ms, found 3 plugins.
Preloading 0 native plugins for Editor in 0.00 ms.
Mono: successfully reloaded assembly
- Completed reload, in  0.917 seconds
Platform modules already initialized, skipping
Refreshing native plugins compatible for Editor in 0.49 ms, found 3 plugins.
Preloading 0 native plugins for Editor in 0.00 ms.
Unloading 1989 Unused Serialized files (Serialized files now loaded: 0)
System memory in use before: 94.1 MB.
System memory in use after: 94.1 MB.

Unloading 19 unused Assets to reduce memory usage. Loaded Objects now: 2549.
Total: 2.573600 ms (FindLiveObjects: 0.204000 ms CreateObjectMapping: 0.048600 ms MarkObjects: 2.210300 ms  DeleteObjects: 0.108800 ms)

AssetImportWorkerClient::OnTransportError - code=2 error=End of file
